/usr/local/lsws/fcgi-bin/lswsgi_wrapper: line 8: cd: /home/newroyal/virtualenv/nrb/3.11: No such file or directory
/usr/local/lsws/fcgi-bin/lswsgi_wrapper: line 9: /home/newroyal/virtualenv/nrb/3.11/bin/set_env_vars.py: No such file or directory
Python path configuration:
  PYTHONHOME = '/home/newroyal/virtualenv/nrb/3.11'
  PYTHONPATH = '.:/home/newroyal/nrb/'
  program name = '/home/newroyal/virtualenv/nrb/3.10/bin/python'
  isolated = 0
  environment = 1
  user site = 1
  import site = 1
  sys._base_executable = '/home/newroyal/virtualenv/nrb/3.10/bin/python'
  sys.base_prefix = '/home/newroyal/virtualenv/nrb/3.11'
  sys.base_exec_prefix = '/home/newroyal/virtualenv/nrb/3.11'
  sys.platlibdir = 'lib64'
  sys.executable = '/home/newroyal/virtualenv/nrb/3.10/bin/python'
  sys.prefix = '/home/newroyal/virtualenv/nrb/3.11'
  sys.exec_prefix = '/home/newroyal/virtualenv/nrb/3.11'
  sys.path = [
    '.',
    '/home/newroyal/nrb/',
    '/home/newroyal/virtualenv/nrb/3.11/lib64/python310.zip',
    '/home/newroyal/virtualenv/nrb/3.11/lib64/python3.10',
    '/home/newroyal/virtualenv/nrb/3.11/lib64/python3.10/lib-dynload',
  ]
Fatal Python error: init_fs_encoding: failed to get the Python codec of the filesystem encoding
Python runtime state: core initialized
ModuleNotFoundError: No module named 'encodings'

Current thread 0x00007f75cc804740 (most recent call first):
  <no Python frame>
/usr/local/lsws/fcgi-bin/lswsgi_wrapper: line 8: cd: /home/newroyal/virtualenv/nrb/3.11: No such file or directory
/usr/local/lsws/fcgi-bin/lswsgi_wrapper: line 9: /home/newroyal/virtualenv/nrb/3.11/bin/set_env_vars.py: No such file or directory
Python path configuration:
  PYTHONHOME = '/home/newroyal/virtualenv/nrb/3.11'
  PYTHONPATH = '.:/home/newroyal/nrb/'
  program name = '/home/newroyal/virtualenv/nrb/3.10/bin/python'
  isolated = 0
  environment = 1
  user site = 1
  import site = 1
  sys._base_executable = '/home/newroyal/virtualenv/nrb/3.10/bin/python'
  sys.base_prefix = '/home/newroyal/virtualenv/nrb/3.11'
  sys.base_exec_prefix = '/home/newroyal/virtualenv/nrb/3.11'
  sys.platlibdir = 'lib64'
  sys.executable = '/home/newroyal/virtualenv/nrb/3.10/bin/python'
  sys.prefix = '/home/newroyal/virtualenv/nrb/3.11'
  sys.exec_prefix = '/home/newroyal/virtualenv/nrb/3.11'
  sys.path = [
    '.',
    '/home/newroyal/nrb/',
    '/home/newroyal/virtualenv/nrb/3.11/lib64/python310.zip',
    '/home/newroyal/virtualenv/nrb/3.11/lib64/python3.10',
    '/home/newroyal/virtualenv/nrb/3.11/lib64/python3.10/lib-dynload',
  ]
Fatal Python error: init_fs_encoding: failed to get the Python codec of the filesystem encoding
Python runtime state: core initialized
ModuleNotFoundError: No module named 'encodings'

Current thread 0x00007ff38da94740 (most recent call first):
  <no Python frame>
/usr/local/lsws/fcgi-bin/lswsgi_wrapper: line 8: cd: /home/newroyal/virtualenv/nrb/3.11: No such file or directory
/usr/local/lsws/fcgi-bin/lswsgi_wrapper: line 9: /home/newroyal/virtualenv/nrb/3.11/bin/set_env_vars.py: No such file or directory
Python path configuration:
  PYTHONHOME = '/home/newroyal/virtualenv/nrb/3.11'
  PYTHONPATH = '.:/home/newroyal/nrb/'
  program name = '/home/newroyal/virtualenv/nrb/3.10/bin/python'
  isolated = 0
  environment = 1
  user site = 1
  import site = 1
  sys._base_executable = '/home/newroyal/virtualenv/nrb/3.10/bin/python'
  sys.base_prefix = '/home/newroyal/virtualenv/nrb/3.11'
  sys.base_exec_prefix = '/home/newroyal/virtualenv/nrb/3.11'
  sys.platlibdir = 'lib64'
  sys.executable = '/home/newroyal/virtualenv/nrb/3.10/bin/python'
  sys.prefix = '/home/newroyal/virtualenv/nrb/3.11'
  sys.exec_prefix = '/home/newroyal/virtualenv/nrb/3.11'
  sys.path = [
    '.',
    '/home/newroyal/nrb/',
    '/home/newroyal/virtualenv/nrb/3.11/lib64/python310.zip',
    '/home/newroyal/virtualenv/nrb/3.11/lib64/python3.10',
    '/home/newroyal/virtualenv/nrb/3.11/lib64/python3.10/lib-dynload',
  ]
Fatal Python error: init_fs_encoding: failed to get the Python codec of the filesystem encoding
Python runtime state: core initialized
ModuleNotFoundError: No module named 'encodings'

Current thread 0x00007fe3891d3740 (most recent call first):
  <no Python frame>
/usr/local/lsws/fcgi-bin/lswsgi_wrapper: line 8: cd: /home/newroyal/virtualenv/nrb/3.11: No such file or directory
/usr/local/lsws/fcgi-bin/lswsgi_wrapper: line 9: /home/newroyal/virtualenv/nrb/3.11/bin/set_env_vars.py: No such file or directory
Python path configuration:
  PYTHONHOME = '/home/newroyal/virtualenv/nrb/3.11'
  PYTHONPATH = '.:/home/newroyal/nrb/'
  program name = '/home/newroyal/virtualenv/nrb/3.10/bin/python'
  isolated = 0
  environment = 1
  user site = 1
  import site = 1
  sys._base_executable = '/home/newroyal/virtualenv/nrb/3.10/bin/python'
  sys.base_prefix = '/home/newroyal/virtualenv/nrb/3.11'
  sys.base_exec_prefix = '/home/newroyal/virtualenv/nrb/3.11'
  sys.platlibdir = 'lib64'
  sys.executable = '/home/newroyal/virtualenv/nrb/3.10/bin/python'
  sys.prefix = '/home/newroyal/virtualenv/nrb/3.11'
  sys.exec_prefix = '/home/newroyal/virtualenv/nrb/3.11'
  sys.path = [
    '.',
    '/home/newroyal/nrb/',
    '/home/newroyal/virtualenv/nrb/3.11/lib64/python310.zip',
    '/home/newroyal/virtualenv/nrb/3.11/lib64/python3.10',
    '/home/newroyal/virtualenv/nrb/3.11/lib64/python3.10/lib-dynload',
  ]
Fatal Python error: init_fs_encoding: failed to get the Python codec of the filesystem encoding
Python runtime state: core initialized
ModuleNotFoundError: No module named 'encodings'

Current thread 0x00007f8675af2740 (most recent call first):
  <no Python frame>
/usr/local/lsws/fcgi-bin/lswsgi_wrapper: line 8: cd: /home/newroyal/virtualenv/nrb/3.11: No such file or directory
/usr/local/lsws/fcgi-bin/lswsgi_wrapper: line 9: /home/newroyal/virtualenv/nrb/3.11/bin/set_env_vars.py: No such file or directory
Python path configuration:
  PYTHONHOME = '/home/newroyal/virtualenv/nrb/3.11'
  PYTHONPATH = '.:/home/newroyal/nrb/'
  program name = '/home/newroyal/virtualenv/nrb/3.10/bin/python'
  isolated = 0
  environment = 1
  user site = 1
  import site = 1
  sys._base_executable = '/home/newroyal/virtualenv/nrb/3.10/bin/python'
  sys.base_prefix = '/home/newroyal/virtualenv/nrb/3.11'
  sys.base_exec_prefix = '/home/newroyal/virtualenv/nrb/3.11'
  sys.platlibdir = 'lib64'
  sys.executable = '/home/newroyal/virtualenv/nrb/3.10/bin/python'
  sys.prefix = '/home/newroyal/virtualenv/nrb/3.11'
  sys.exec_prefix = '/home/newroyal/virtualenv/nrb/3.11'
  sys.path = [
    '.',
    '/home/newroyal/nrb/',
    '/home/newroyal/virtualenv/nrb/3.11/lib64/python310.zip',
    '/home/newroyal/virtualenv/nrb/3.11/lib64/python3.10',
    '/home/newroyal/virtualenv/nrb/3.11/lib64/python3.10/lib-dynload',
  ]
Fatal Python error: init_fs_encoding: failed to get the Python codec of the filesystem encoding
Python runtime state: core initialized
ModuleNotFoundError: No module named 'encodings'

Current thread 0x00007fc683655740 (most recent call first):
  <no Python frame>
/usr/local/lsws/fcgi-bin/lswsgi_wrapper: line 8: cd: /home/newroyal/virtualenv/nrb/3.11: No such file or directory
/usr/local/lsws/fcgi-bin/lswsgi_wrapper: line 9: /home/newroyal/virtualenv/nrb/3.11/bin/set_env_vars.py: No such file or directory
Python path configuration:
  PYTHONHOME = '/home/newroyal/virtualenv/nrb/3.11'
  PYTHONPATH = '.:/home/newroyal/nrb/'
  program name = '/home/newroyal/virtualenv/nrb/3.10/bin/python'
  isolated = 0
  environment = 1
  user site = 1
  import site = 1
  sys._base_executable = '/home/newroyal/virtualenv/nrb/3.10/bin/python'
  sys.base_prefix = '/home/newroyal/virtualenv/nrb/3.11'
  sys.base_exec_prefix = '/home/newroyal/virtualenv/nrb/3.11'
  sys.platlibdir = 'lib64'
  sys.executable = '/home/newroyal/virtualenv/nrb/3.10/bin/python'
  sys.prefix = '/home/newroyal/virtualenv/nrb/3.11'
  sys.exec_prefix = '/home/newroyal/virtualenv/nrb/3.11'
  sys.path = [
    '.',
    '/home/newroyal/nrb/',
    '/home/newroyal/virtualenv/nrb/3.11/lib64/python310.zip',
    '/home/newroyal/virtualenv/nrb/3.11/lib64/python3.10',
    '/home/newroyal/virtualenv/nrb/3.11/lib64/python3.10/lib-dynload',
  ]
Fatal Python error: init_fs_encoding: failed to get the Python codec of the filesystem encoding
Python runtime state: core initialized
ModuleNotFoundError: No module named 'encodings'

Current thread 0x00007f0d53738740 (most recent call first):
  <no Python frame>
/usr/local/lsws/fcgi-bin/lswsgi_wrapper: line 8: cd: /home/newroyal/virtualenv/nrb/3.11: No such file or directory
/usr/local/lsws/fcgi-bin/lswsgi_wrapper: line 9: /home/newroyal/virtualenv/nrb/3.11/bin/set_env_vars.py: No such file or directory
Python path configuration:
  PYTHONHOME = '/home/newroyal/virtualenv/nrb/3.11'
  PYTHONPATH = '.:/home/newroyal/nrb/'
  program name = '/home/newroyal/virtualenv/nrb/3.10/bin/python'
  isolated = 0
  environment = 1
  user site = 1
  import site = 1
  sys._base_executable = '/home/newroyal/virtualenv/nrb/3.10/bin/python'
  sys.base_prefix = '/home/newroyal/virtualenv/nrb/3.11'
  sys.base_exec_prefix = '/home/newroyal/virtualenv/nrb/3.11'
  sys.platlibdir = 'lib64'
  sys.executable = '/home/newroyal/virtualenv/nrb/3.10/bin/python'
  sys.prefix = '/home/newroyal/virtualenv/nrb/3.11'
  sys.exec_prefix = '/home/newroyal/virtualenv/nrb/3.11'
  sys.path = [
    '.',
    '/home/newroyal/nrb/',
    '/home/newroyal/virtualenv/nrb/3.11/lib64/python310.zip',
    '/home/newroyal/virtualenv/nrb/3.11/lib64/python3.10',
    '/home/newroyal/virtualenv/nrb/3.11/lib64/python3.10/lib-dynload',
  ]
Fatal Python error: init_fs_encoding: failed to get the Python codec of the filesystem encoding
Python runtime state: core initialized
ModuleNotFoundError: No module named 'encodings'

Current thread 0x00007fb66c8ef740 (most recent call first):
  <no Python frame>
/usr/local/lsws/fcgi-bin/lswsgi_wrapper: line 8: cd: /home/newroyal/virtualenv/nrb/3.11: No such file or directory
/usr/local/lsws/fcgi-bin/lswsgi_wrapper: line 9: /home/newroyal/virtualenv/nrb/3.11/bin/set_env_vars.py: No such file or directory
Python path configuration:
  PYTHONHOME = '/home/newroyal/virtualenv/nrb/3.11'
  PYTHONPATH = '.:/home/newroyal/nrb/'
  program name = '/home/newroyal/virtualenv/nrb/3.10/bin/python'
  isolated = 0
  environment = 1
  user site = 1
  import site = 1
  sys._base_executable = '/home/newroyal/virtualenv/nrb/3.10/bin/python'
  sys.base_prefix = '/home/newroyal/virtualenv/nrb/3.11'
  sys.base_exec_prefix = '/home/newroyal/virtualenv/nrb/3.11'
  sys.platlibdir = 'lib64'
  sys.executable = '/home/newroyal/virtualenv/nrb/3.10/bin/python'
  sys.prefix = '/home/newroyal/virtualenv/nrb/3.11'
  sys.exec_prefix = '/home/newroyal/virtualenv/nrb/3.11'
  sys.path = [
    '.',
    '/home/newroyal/nrb/',
    '/home/newroyal/virtualenv/nrb/3.11/lib64/python310.zip',
    '/home/newroyal/virtualenv/nrb/3.11/lib64/python3.10',
    '/home/newroyal/virtualenv/nrb/3.11/lib64/python3.10/lib-dynload',
  ]
Fatal Python error: init_fs_encoding: failed to get the Python codec of the filesystem encoding
Python runtime state: core initialized
ModuleNotFoundError: No module named 'encodings'

Current thread 0x00007f6ef0a60740 (most recent call first):
  <no Python frame>
